<?xml version="1.0" ?>
<coverage branch-rate="0" branches-covered="0" branches-valid="0" complexity="0" line-rate="0.5395" lines-covered="1332" lines-valid="2469" timestamp="1557157361496" version="4.5.3">
	<!-- Generated by coverage.py: https://coverage.readthedocs.io -->
	<!-- Based on https://raw.githubusercontent.com/cobertura/web/master/htdocs/xml/coverage-04.dtd -->
	<sources>
		<source>/home/murail/Documents/Code/gromacs_py/gromacs_py</source>
	</sources>
	<packages>
		<package branch-rate="0" complexity="0" line-rate="0.003861" name=".">
			<classes>
				<class branch-rate="0" complexity="0" filename="__init__.py" line-rate="1" name="__init__.py">
					<methods/>
					<lines>
						<line hits="1" number="4"/>
						<line hits="1" number="8"/>
					</lines>
				</class>
				<class branch-rate="0" complexity="0" filename="create_peptide.py" line-rate="0" name="create_peptide.py">
					<methods/>
					<lines>
						<line hits="0" number="3"/>
						<line hits="0" number="7"/>
						<line hits="0" number="8"/>
						<line hits="0" number="10"/>
						<line hits="0" number="13"/>
						<line hits="0" number="15"/>
						<line hits="0" number="17"/>
						<line hits="0" number="19"/>
						<line hits="0" number="21"/>
						<line hits="0" number="23"/>
						<line hits="0" number="26"/>
						<line hits="0" number="29"/>
						<line hits="0" number="31"/>
						<line hits="0" number="32"/>
						<line hits="0" number="34"/>
						<line hits="0" number="35"/>
						<line hits="0" number="36"/>
						<line hits="0" number="37"/>
						<line hits="0" number="38"/>
						<line hits="0" number="40"/>
						<line hits="0" number="41"/>
						<line hits="0" number="44"/>
						<line hits="0" number="45"/>
					</lines>
				</class>
				<class branch-rate="0" complexity="0" filename="create_top.py" line-rate="0" name="create_top.py">
					<methods/>
					<lines>
						<line hits="0" number="3"/>
						<line hits="0" number="6"/>
						<line hits="0" number="7"/>
						<line hits="0" number="9"/>
						<line hits="0" number="12"/>
						<line hits="0" number="15"/>
						<line hits="0" number="17"/>
						<line hits="0" number="19"/>
						<line hits="0" number="21"/>
						<line hits="0" number="24"/>
						<line hits="0" number="27"/>
						<line hits="0" number="29"/>
						<line hits="0" number="30"/>
						<line hits="0" number="31"/>
						<line hits="0" number="32"/>
						<line hits="0" number="34"/>
						<line hits="0" number="36"/>
						<line hits="0" number="38"/>
						<line hits="0" number="39"/>
						<line hits="0" number="40"/>
						<line hits="0" number="42"/>
						<line hits="0" number="44"/>
					</lines>
				</class>
				<class branch-rate="0" complexity="0" filename="equi_3_step.py" line-rate="0" name="equi_3_step.py">
					<methods/>
					<lines>
						<line hits="0" number="3"/>
						<line hits="0" number="7"/>
						<line hits="0" number="8"/>
						<line hits="0" number="10"/>
						<line hits="0" number="13"/>
						<line hits="0" number="16"/>
						<line hits="0" number="20"/>
						<line hits="0" number="22"/>
						<line hits="0" number="24"/>
						<line hits="0" number="26"/>
						<line hits="0" number="28"/>
						<line hits="0" number="31"/>
						<line hits="0" number="34"/>
						<line hits="0" number="37"/>
						<line hits="0" number="39"/>
						<line hits="0" number="42"/>
						<line hits="0" number="45"/>
						<line hits="0" number="48"/>
						<line hits="0" number="51"/>
						<line hits="0" number="54"/>
						<line hits="0" number="56"/>
						<line hits="0" number="57"/>
						<line hits="0" number="59"/>
						<line hits="0" number="60"/>
						<line hits="0" number="61"/>
						<line hits="0" number="62"/>
						<line hits="0" number="63"/>
						<line hits="0" number="64"/>
						<line hits="0" number="66"/>
						<line hits="0" number="70"/>
						<line hits="0" number="71"/>
						<line hits="0" number="72"/>
						<line hits="0" number="73"/>
						<line hits="0" number="74"/>
						<line hits="0" number="76"/>
						<line hits="0" number="79"/>
						<line hits="0" number="81"/>
					</lines>
				</class>
				<class branch-rate="0" complexity="0" filename="extend.py" line-rate="0" name="extend.py">
					<methods/>
					<lines>
						<line hits="0" number="3"/>
						<line hits="0" number="6"/>
						<line hits="0" number="7"/>
						<line hits="0" number="9"/>
						<line hits="0" number="12"/>
						<line hits="0" number="15"/>
						<line hits="0" number="16"/>
						<line hits="0" number="17"/>
						<line hits="0" number="19"/>
						<line hits="0" number="22"/>
						<line hits="0" number="24"/>
						<line hits="0" number="27"/>
						<line hits="0" number="29"/>
						<line hits="0" number="32"/>
						<line hits="0" number="34"/>
						<line hits="0" number="35"/>
						<line hits="0" number="37"/>
						<line hits="0" number="38"/>
						<line hits="0" number="40"/>
						<line hits="0" number="41"/>
						<line hits="0" number="42"/>
						<line hits="0" number="43"/>
						<line hits="0" number="44"/>
						<line hits="0" number="46"/>
						<line hits="0" number="48"/>
						<line hits="0" number="50"/>
					</lines>
				</class>
				<class branch-rate="0" complexity="0" filename="insert_mol.py" line-rate="0" name="insert_mol.py">
					<methods/>
					<lines>
						<line hits="0" number="5"/>
						<line hits="0" number="8"/>
						<line hits="0" number="9"/>
						<line hits="0" number="12"/>
						<line hits="0" number="15"/>
						<line hits="0" number="16"/>
						<line hits="0" number="17"/>
						<line hits="0" number="18"/>
						<line hits="0" number="19"/>
						<line hits="0" number="20"/>
						<line hits="0" number="21"/>
						<line hits="0" number="22"/>
						<line hits="0" number="24"/>
						<line hits="0" number="27"/>
						<line hits="0" number="29"/>
						<line hits="0" number="30"/>
						<line hits="0" number="34"/>
						<line hits="0" number="37"/>
					</lines>
				</class>
				<class branch-rate="0" complexity="0" filename="insert_mol_no_vmd.py" line-rate="0" name="insert_mol_no_vmd.py">
					<methods/>
					<lines>
						<line hits="0" number="5"/>
						<line hits="0" number="8"/>
						<line hits="0" number="9"/>
						<line hits="0" number="12"/>
						<line hits="0" number="15"/>
						<line hits="0" number="16"/>
						<line hits="0" number="17"/>
						<line hits="0" number="18"/>
						<line hits="0" number="19"/>
						<line hits="0" number="20"/>
						<line hits="0" number="21"/>
						<line hits="0" number="22"/>
						<line hits="0" number="24"/>
						<line hits="0" number="27"/>
						<line hits="0" number="29"/>
						<line hits="0" number="30"/>
						<line hits="0" number="32"/>
						<line hits="0" number="33"/>
						<line hits="0" number="35"/>
						<line hits="0" number="36"/>
						<line hits="0" number="38"/>
						<line hits="0" number="40"/>
					</lines>
				</class>
				<class branch-rate="0" complexity="0" filename="minimize_pdb.py" line-rate="0" name="minimize_pdb.py">
					<methods/>
					<lines>
						<line hits="0" number="3"/>
						<line hits="0" number="6"/>
						<line hits="0" number="7"/>
						<line hits="0" number="9"/>
						<line hits="0" number="12"/>
						<line hits="0" number="15"/>
						<line hits="0" number="18"/>
						<line hits="0" number="20"/>
						<line hits="0" number="22"/>
						<line hits="0" number="24"/>
						<line hits="0" number="26"/>
						<line hits="0" number="28"/>
						<line hits="0" number="30"/>
						<line hits="0" number="32"/>
						<line hits="0" number="35"/>
						<line hits="0" number="37"/>
						<line hits="0" number="40"/>
						<line hits="0" number="42"/>
						<line hits="0" number="43"/>
						<line hits="0" number="45"/>
						<line hits="0" number="46"/>
						<line hits="0" number="47"/>
						<line hits="0" number="48"/>
						<line hits="0" number="49"/>
						<line hits="0" number="51"/>
						<line hits="0" number="54"/>
						<line hits="0" number="56"/>
						<line hits="0" number="57"/>
					</lines>
				</class>
				<class branch-rate="0" complexity="0" filename="minimize_pdb_and_cyclic.py" line-rate="0" name="minimize_pdb_and_cyclic.py">
					<methods/>
					<lines>
						<line hits="0" number="3"/>
						<line hits="0" number="6"/>
						<line hits="0" number="7"/>
						<line hits="0" number="8"/>
						<line hits="0" number="10"/>
						<line hits="0" number="13"/>
						<line hits="0" number="16"/>
						<line hits="0" number="18"/>
						<line hits="0" number="20"/>
						<line hits="0" number="22"/>
						<line hits="0" number="24"/>
						<line hits="0" number="26"/>
						<line hits="0" number="29"/>
						<line hits="0" number="31"/>
						<line hits="0" number="33"/>
						<line hits="0" number="36"/>
						<line hits="0" number="39"/>
						<line hits="0" number="42"/>
						<line hits="0" number="44"/>
						<line hits="0" number="45"/>
						<line hits="0" number="47"/>
						<line hits="0" number="48"/>
						<line hits="0" number="49"/>
						<line hits="0" number="50"/>
						<line hits="0" number="51"/>
						<line hits="0" number="52"/>
						<line hits="0" number="54"/>
						<line hits="0" number="55"/>
						<line hits="0" number="57"/>
						<line hits="0" number="60"/>
						<line hits="0" number="64"/>
						<line hits="0" number="67"/>
						<line hits="0" number="70"/>
						<line hits="0" number="71"/>
						<line hits="0" number="73"/>
					</lines>
				</class>
				<class branch-rate="0" complexity="0" filename="prepare_prot.py" line-rate="0" name="prepare_prot.py">
					<methods/>
					<lines>
						<line hits="0" number="3"/>
						<line hits="0" number="7"/>
						<line hits="0" number="8"/>
						<line hits="0" number="10"/>
						<line hits="0" number="13"/>
						<line hits="0" number="16"/>
						<line hits="0" number="22"/>
						<line hits="0" number="26"/>
						<line hits="0" number="28"/>
						<line hits="0" number="32"/>
						<line hits="0" number="34"/>
						<line hits="0" number="38"/>
						<line hits="0" number="40"/>
						<line hits="0" number="43"/>
						<line hits="0" number="46"/>
						<line hits="0" number="50"/>
						<line hits="0" number="52"/>
						<line hits="0" number="56"/>
						<line hits="0" number="60"/>
						<line hits="0" number="63"/>
						<line hits="0" number="66"/>
						<line hits="0" number="69"/>
						<line hits="0" number="72"/>
						<line hits="0" number="74"/>
						<line hits="0" number="75"/>
						<line hits="0" number="77"/>
						<line hits="0" number="78"/>
						<line hits="0" number="80"/>
						<line hits="0" number="81"/>
						<line hits="0" number="82"/>
						<line hits="0" number="83"/>
						<line hits="0" number="85"/>
						<line hits="0" number="86"/>
						<line hits="0" number="87"/>
						<line hits="0" number="88"/>
						<line hits="0" number="89"/>
						<line hits="0" number="90"/>
						<line hits="0" number="91"/>
						<line hits="0" number="92"/>
						<line hits="0" number="94"/>
						<line hits="0" number="95"/>
						<line hits="0" number="97"/>
						<line hits="0" number="98"/>
						<line hits="0" number="100"/>
						<line hits="0" number="101"/>
						<line hits="0" number="102"/>
						<line hits="0" number="103"/>
						<line hits="0" number="104"/>
						<line hits="0" number="106"/>
						<line hits="0" number="108"/>
						<line hits="0" number="110"/>
						<line hits="0" number="114"/>
						<line hits="0" number="116"/>
						<line hits="0" number="118"/>
						<line hits="0" number="120"/>
						<line hits="0" number="122"/>
						<line hits="0" number="124"/>
					</lines>
				</class>
				<class branch-rate="0" complexity="0" filename="prepare_prot_topo_edit.py" line-rate="0" name="prepare_prot_topo_edit.py">
					<methods/>
					<lines>
						<line hits="0" number="3"/>
						<line hits="0" number="8"/>
						<line hits="0" number="9"/>
						<line hits="0" number="11"/>
						<line hits="0" number="13"/>
						<line hits="0" number="16"/>
						<line hits="0" number="19"/>
						<line hits="0" number="25"/>
						<line hits="0" number="27"/>
						<line hits="0" number="30"/>
						<line hits="0" number="32"/>
						<line hits="0" number="36"/>
						<line hits="0" number="38"/>
						<line hits="0" number="42"/>
						<line hits="0" number="44"/>
						<line hits="0" number="47"/>
						<line hits="0" number="50"/>
						<line hits="0" number="53"/>
						<line hits="0" number="56"/>
						<line hits="0" number="58"/>
						<line hits="0" number="61"/>
						<line hits="0" number="64"/>
						<line hits="0" number="67"/>
						<line hits="0" number="70"/>
						<line hits="0" number="73"/>
						<line hits="0" number="75"/>
						<line hits="0" number="76"/>
						<line hits="0" number="78"/>
						<line hits="0" number="79"/>
						<line hits="0" number="81"/>
						<line hits="0" number="82"/>
						<line hits="0" number="83"/>
						<line hits="0" number="84"/>
						<line hits="0" number="86"/>
						<line hits="0" number="87"/>
						<line hits="0" number="88"/>
						<line hits="0" number="89"/>
						<line hits="0" number="90"/>
						<line hits="0" number="91"/>
						<line hits="0" number="92"/>
						<line hits="0" number="93"/>
						<line hits="0" number="95"/>
						<line hits="0" number="96"/>
						<line hits="0" number="98"/>
						<line hits="0" number="99"/>
						<line hits="0" number="101"/>
						<line hits="0" number="102"/>
						<line hits="0" number="104"/>
						<line hits="0" number="105"/>
						<line hits="0" number="106"/>
						<line hits="0" number="107"/>
						<line hits="0" number="108"/>
						<line hits="0" number="110"/>
						<line hits="0" number="111"/>
						<line hits="0" number="113"/>
						<line hits="0" number="115"/>
						<line hits="0" number="119"/>
						<line hits="0" number="121"/>
						<line hits="0" number="123"/>
						<line hits="0" number="125"/>
						<line hits="0" number="127"/>
						<line hits="0" number="129"/>
					</lines>
				</class>
				<class branch-rate="0" complexity="0" filename="production.py" line-rate="0" name="production.py">
					<methods/>
					<lines>
						<line hits="0" number="3"/>
						<line hits="0" number="6"/>
						<line hits="0" number="7"/>
						<line hits="0" number="10"/>
						<line hits="0" number="13"/>
						<line hits="0" number="14"/>
						<line hits="0" number="15"/>
						<line hits="0" number="16"/>
						<line hits="0" number="17"/>
						<line hits="0" number="18"/>
						<line hits="0" number="19"/>
						<line hits="0" number="20"/>
						<line hits="0" number="21"/>
						<line hits="0" number="22"/>
						<line hits="0" number="23"/>
						<line hits="0" number="26"/>
						<line hits="0" number="28"/>
						<line hits="0" number="29"/>
						<line hits="0" number="31"/>
						<line hits="0" number="32"/>
						<line hits="0" number="34"/>
						<line hits="0" number="35"/>
						<line hits="0" number="36"/>
						<line hits="0" number="37"/>
						<line hits="0" number="38"/>
						<line hits="0" number="40"/>
						<line hits="0" number="42"/>
						<line hits="0" number="44"/>
					</lines>
				</class>
				<class branch-rate="0" complexity="0" filename="sim_pep_prot.py" line-rate="0" name="sim_pep_prot.py">
					<methods/>
					<lines>
						<line hits="0" number="5"/>
						<line hits="0" number="12"/>
						<line hits="0" number="13"/>
						<line hits="0" number="16"/>
						<line hits="0" number="19"/>
						<line hits="0" number="21"/>
						<line hits="0" number="22"/>
						<line hits="0" number="23"/>
						<line hits="0" number="25"/>
						<line hits="0" number="26"/>
						<line hits="0" number="27"/>
						<line hits="0" number="29"/>
						<line hits="0" number="30"/>
						<line hits="0" number="31"/>
						<line hits="0" number="32"/>
						<line hits="0" number="34"/>
						<line hits="0" number="35"/>
						<line hits="0" number="36"/>
						<line hits="0" number="37"/>
						<line hits="0" number="38"/>
						<line hits="0" number="41"/>
						<line hits="0" number="43"/>
						<line hits="0" number="44"/>
						<line hits="0" number="45"/>
						<line hits="0" number="47"/>
						<line hits="0" number="50"/>
						<line hits="0" number="52"/>
						<line hits="0" number="53"/>
						<line hits="0" number="57"/>
						<line hits="0" number="58"/>
						<line hits="0" number="59"/>
						<line hits="0" number="60"/>
						<line hits="0" number="63"/>
						<line hits="0" number="64"/>
						<line hits="0" number="65"/>
						<line hits="0" number="68"/>
						<line hits="0" number="69"/>
						<line hits="0" number="70"/>
						<line hits="0" number="71"/>
						<line hits="0" number="72"/>
						<line hits="0" number="74"/>
						<line hits="0" number="76"/>
						<line hits="0" number="79"/>
						<line hits="0" number="80"/>
						<line hits="0" number="81"/>
						<line hits="0" number="84"/>
						<line hits="0" number="85"/>
						<line hits="0" number="86"/>
						<line hits="0" number="87"/>
						<line hits="0" number="88"/>
						<line hits="0" number="90"/>
						<line hits="0" number="95"/>
						<line hits="0" number="96"/>
						<line hits="0" number="97"/>
						<line hits="0" number="98"/>
						<line hits="0" number="99"/>
						<line hits="0" number="101"/>
						<line hits="0" number="103"/>
						<line hits="0" number="106"/>
					</lines>
				</class>
				<class branch-rate="0" complexity="0" filename="solvate_ions.py" line-rate="0" name="solvate_ions.py">
					<methods/>
					<lines>
						<line hits="0" number="3"/>
						<line hits="0" number="6"/>
						<line hits="0" number="7"/>
						<line hits="0" number="10"/>
						<line hits="0" number="13"/>
						<line hits="0" number="14"/>
						<line hits="0" number="15"/>
						<line hits="0" number="16"/>
						<line hits="0" number="17"/>
						<line hits="0" number="18"/>
						<line hits="0" number="19"/>
						<line hits="0" number="20"/>
						<line hits="0" number="23"/>
						<line hits="0" number="25"/>
						<line hits="0" number="26"/>
						<line hits="0" number="28"/>
						<line hits="0" number="30"/>
						<line hits="0" number="32"/>
						<line hits="0" number="33"/>
					</lines>
				</class>
				<class branch-rate="0" complexity="0" filename="test_gromacs_py.py" line-rate="0" name="test_gromacs_py.py">
					<methods/>
					<lines>
						<line hits="0" number="3"/>
						<line hits="0" number="6"/>
						<line hits="0" number="7"/>
						<line hits="0" number="8"/>
						<line hits="0" number="9"/>
						<line hits="0" number="12"/>
						<line hits="0" number="13"/>
						<line hits="0" number="14"/>
						<line hits="0" number="15"/>
						<line hits="0" number="17"/>
						<line hits="0" number="20"/>
						<line hits="0" number="21"/>
						<line hits="0" number="22"/>
						<line hits="0" number="23"/>
						<line hits="0" number="24"/>
						<line hits="0" number="26"/>
					</lines>
				</class>
				<class branch-rate="0" complexity="0" filename="top_em_equi_3_step_prod.py" line-rate="0" name="top_em_equi_3_step_prod.py">
					<methods/>
					<lines>
						<line hits="0" number="4"/>
						<line hits="0" number="7"/>
						<line hits="0" number="8"/>
						<line hits="0" number="11"/>
						<line hits="0" number="14"/>
						<line hits="0" number="17"/>
						<line hits="0" number="18"/>
						<line hits="0" number="19"/>
						<line hits="0" number="20"/>
						<line hits="0" number="21"/>
						<line hits="0" number="22"/>
						<line hits="0" number="23"/>
						<line hits="0" number="24"/>
						<line hits="0" number="25"/>
						<line hits="0" number="26"/>
						<line hits="0" number="27"/>
						<line hits="0" number="28"/>
						<line hits="0" number="29"/>
						<line hits="0" number="30"/>
						<line hits="0" number="32"/>
						<line hits="0" number="35"/>
						<line hits="0" number="37"/>
						<line hits="0" number="38"/>
						<line hits="0" number="40"/>
						<line hits="0" number="41"/>
						<line hits="0" number="43"/>
						<line hits="0" number="45"/>
						<line hits="0" number="46"/>
						<line hits="0" number="47"/>
						<line hits="0" number="48"/>
						<line hits="0" number="49"/>
						<line hits="0" number="50"/>
						<line hits="0" number="51"/>
						<line hits="0" number="53"/>
						<line hits="0" number="56"/>
						<line hits="0" number="58"/>
						<line hits="0" number="59"/>
						<line hits="0" number="60"/>
						<line hits="0" number="61"/>
						<line hits="0" number="62"/>
						<line hits="0" number="65"/>
						<line hits="0" number="66"/>
						<line hits="0" number="67"/>
						<line hits="0" number="68"/>
						<line hits="0" number="71"/>
						<line hits="0" number="72"/>
						<line hits="0" number="74"/>
						<line hits="0" number="75"/>
						<line hits="0" number="78"/>
						<line hits="0" number="79"/>
						<line hits="0" number="80"/>
						<line hits="0" number="81"/>
						<line hits="0" number="84"/>
						<line hits="0" number="85"/>
						<line hits="0" number="87"/>
						<line hits="0" number="88"/>
						<line hits="0" number="91"/>
						<line hits="0" number="92"/>
						<line hits="0" number="94"/>
						<line hits="0" number="95"/>
						<line hits="0" number="98"/>
						<line hits="0" number="99"/>
						<line hits="0" number="100"/>
						<line hits="0" number="101"/>
					</lines>
				</class>
			</classes>
		</package>
		<package branch-rate="0" complexity="0" line-rate="1" name="doc">
			<classes>
				<class branch-rate="0" complexity="0" filename="doc/conf.py" line-rate="1" name="conf.py">
					<methods/>
					<lines>
						<line hits="1" number="22"/>
						<line hits="1" number="23"/>
						<line hits="1" number="24"/>
						<line hits="1" number="27"/>
						<line hits="1" number="29"/>
						<line hits="1" number="31"/>
						<line hits="1" number="32"/>
						<line hits="1" number="33"/>
						<line hits="1" number="34"/>
						<line hits="1" number="46"/>
						<line hits="1" number="55"/>
						<line hits="1" number="60"/>
						<line hits="1" number="64"/>
						<line hits="1" number="68"/>
						<line hits="1" number="75"/>
						<line hits="1" number="80"/>
						<line hits="1" number="83"/>
						<line hits="1" number="92"/>
						<line hits="1" number="103"/>
						<line hits="1" number="119"/>
						<line hits="1" number="124"/>
						<line hits="1" number="145"/>
						<line hits="1" number="155"/>
						<line hits="1" number="166"/>
						<line hits="1" number="178"/>
					</lines>
				</class>
			</classes>
		</package>
		<package branch-rate="0" complexity="0" line-rate="0.6355" name="gromacs">
			<classes>
				<class branch-rate="0" complexity="0" filename="gromacs/__init__.py" line-rate="1" name="__init__.py">
					<methods/>
					<lines/>
				</class>
				<class branch-rate="0" complexity="0" filename="gromacs/gmx5.py" line-rate="0.6355" name="gmx5.py">
					<methods/>
					<lines>
						<line hits="1" number="8"/>
						<line hits="1" number="9"/>
						<line hits="1" number="10"/>
						<line hits="1" number="12"/>
						<line hits="1" number="21"/>
						<line hits="1" number="22"/>
						<line hits="1" number="23"/>
						<line hits="1" number="24"/>
						<line hits="0" number="25"/>
						<line hits="0" number="26"/>
						<line hits="0" number="27"/>
						<line hits="0" number="28"/>
						<line hits="0" number="29"/>
						<line hits="1" number="32"/>
						<line hits="1" number="36"/>
						<line hits="1" number="37"/>
						<line hits="0" number="38"/>
						<line hits="0" number="39"/>
						<line hits="0" number="40"/>
						<line hits="1" number="43"/>
						<line hits="1" number="44"/>
						<line hits="1" number="46"/>
						<line hits="1" number="47"/>
						<line hits="1" number="50"/>
						<line hits="1" number="51"/>
						<line hits="1" number="52"/>
						<line hits="1" number="55"/>
						<line hits="1" number="62"/>
						<line hits="1" number="92"/>
						<line hits="1" number="94"/>
						<line hits="1" number="95"/>
						<line hits="1" number="96"/>
						<line hits="1" number="97"/>
						<line hits="1" number="98"/>
						<line hits="1" number="99"/>
						<line hits="1" number="100"/>
						<line hits="1" number="102"/>
						<line hits="1" number="103"/>
						<line hits="1" number="104"/>
						<line hits="1" number="105"/>
						<line hits="1" number="107"/>
						<line hits="1" number="109"/>
						<line hits="1" number="110"/>
						<line hits="1" number="112"/>
						<line hits="1" number="113"/>
						<line hits="1" number="116"/>
						<line hits="1" number="117"/>
						<line hits="1" number="118"/>
						<line hits="1" number="119"/>
						<line hits="1" number="121"/>
						<line hits="1" number="123"/>
						<line hits="1" number="125"/>
						<line hits="1" number="130"/>
						<line hits="1" number="131"/>
						<line hits="1" number="132"/>
						<line hits="1" number="133"/>
						<line hits="0" number="135"/>
						<line hits="1" number="137"/>
						<line hits="1" number="138"/>
						<line hits="1" number="141"/>
						<line hits="1" number="143"/>
						<line hits="1" number="145"/>
						<line hits="1" number="147"/>
						<line hits="1" number="149"/>
						<line hits="1" number="150"/>
						<line hits="1" number="154"/>
						<line hits="1" number="156"/>
						<line hits="1" number="159"/>
						<line hits="1" number="161"/>
						<line hits="1" number="162"/>
						<line hits="1" number="164"/>
						<line hits="1" number="166"/>
						<line hits="1" number="168"/>
						<line hits="1" number="169"/>
						<line hits="1" number="171"/>
						<line hits="1" number="172"/>
						<line hits="1" number="173"/>
						<line hits="1" number="175"/>
						<line hits="0" number="176"/>
						<line hits="0" number="177"/>
						<line hits="0" number="178"/>
						<line hits="0" number="179"/>
						<line hits="0" number="180"/>
						<line hits="1" number="182"/>
						<line hits="1" number="183"/>
						<line hits="1" number="185"/>
						<line hits="1" number="186"/>
						<line hits="1" number="187"/>
						<line hits="1" number="188"/>
						<line hits="1" number="190"/>
						<line hits="1" number="191"/>
						<line hits="1" number="192"/>
						<line hits="1" number="198"/>
						<line hits="1" number="199"/>
						<line hits="1" number="200"/>
						<line hits="1" number="201"/>
						<line hits="1" number="202"/>
						<line hits="1" number="203"/>
						<line hits="1" number="204"/>
						<line hits="1" number="206"/>
						<line hits="1" number="208"/>
						<line hits="1" number="212"/>
						<line hits="1" number="214"/>
						<line hits="1" number="215"/>
						<line hits="1" number="216"/>
						<line hits="1" number="219"/>
						<line hits="1" number="220"/>
						<line hits="1" number="221"/>
						<line hits="1" number="222"/>
						<line hits="1" number="223"/>
						<line hits="1" number="224"/>
						<line hits="1" number="225"/>
						<line hits="1" number="227"/>
						<line hits="0" number="231"/>
						<line hits="0" number="233"/>
						<line hits="0" number="234"/>
						<line hits="0" number="235"/>
						<line hits="0" number="236"/>
						<line hits="0" number="237"/>
						<line hits="0" number="239"/>
						<line hits="0" number="241"/>
						<line hits="0" number="242"/>
						<line hits="0" number="243"/>
						<line hits="0" number="245"/>
						<line hits="0" number="246"/>
						<line hits="0" number="247"/>
						<line hits="1" number="249"/>
						<line hits="1" number="253"/>
						<line hits="1" number="255"/>
						<line hits="1" number="256"/>
						<line hits="1" number="257"/>
						<line hits="1" number="258"/>
						<line hits="1" number="260"/>
						<line hits="1" number="263"/>
						<line hits="1" number="264"/>
						<line hits="1" number="265"/>
						<line hits="1" number="268"/>
						<line hits="0" number="272"/>
						<line hits="0" number="273"/>
						<line hits="0" number="274"/>
						<line hits="0" number="275"/>
						<line hits="1" number="277"/>
						<line hits="0" number="278"/>
						<line hits="0" number="279"/>
						<line hits="0" number="280"/>
						<line hits="1" number="282"/>
						<line hits="1" number="283"/>
						<line hits="1" number="285"/>
						<line hits="1" number="286"/>
						<line hits="1" number="288"/>
						<line hits="1" number="289"/>
						<line hits="1" number="290"/>
						<line hits="1" number="292"/>
						<line hits="0" number="293"/>
						<line hits="0" number="295"/>
						<line hits="0" number="296"/>
						<line hits="0" number="297"/>
						<line hits="0" number="298"/>
						<line hits="1" number="300"/>
						<line hits="1" number="302"/>
						<line hits="1" number="303"/>
						<line hits="1" number="305"/>
						<line hits="1" number="306"/>
						<line hits="1" number="308"/>
						<line hits="1" number="310"/>
						<line hits="1" number="312"/>
						<line hits="1" number="314"/>
						<line hits="1" number="316"/>
						<line hits="1" number="317"/>
						<line hits="1" number="319"/>
						<line hits="1" number="321"/>
						<line hits="0" number="324"/>
						<line hits="0" number="325"/>
						<line hits="0" number="326"/>
						<line hits="0" number="327"/>
						<line hits="0" number="328"/>
						<line hits="0" number="330"/>
						<line hits="0" number="331"/>
						<line hits="0" number="333"/>
						<line hits="0" number="334"/>
						<line hits="1" number="337"/>
						<line hits="1" number="344"/>
						<line hits="1" number="349"/>
						<line hits="1" number="350"/>
						<line hits="1" number="351"/>
						<line hits="1" number="352"/>
						<line hits="1" number="353"/>
						<line hits="1" number="354"/>
						<line hits="1" number="356"/>
						<line hits="1" number="358"/>
						<line hits="1" number="359"/>
						<line hits="1" number="360"/>
						<line hits="1" number="361"/>
						<line hits="1" number="362"/>
						<line hits="1" number="365"/>
						<line hits="1" number="366"/>
						<line hits="1" number="367"/>
						<line hits="1" number="368"/>
						<line hits="1" number="369"/>
						<line hits="1" number="370"/>
						<line hits="1" number="371"/>
						<line hits="1" number="372"/>
						<line hits="1" number="373"/>
						<line hits="1" number="374"/>
						<line hits="1" number="375"/>
						<line hits="1" number="377"/>
						<line hits="1" number="378"/>
						<line hits="1" number="379"/>
						<line hits="1" number="380"/>
						<line hits="1" number="382"/>
						<line hits="1" number="384"/>
						<line hits="1" number="386"/>
						<line hits="1" number="388"/>
						<line hits="1" number="390"/>
						<line hits="1" number="391"/>
						<line hits="1" number="392"/>
						<line hits="1" number="393"/>
						<line hits="1" number="394"/>
						<line hits="1" number="395"/>
						<line hits="1" number="396"/>
						<line hits="1" number="397"/>
						<line hits="1" number="398"/>
						<line hits="1" number="399"/>
						<line hits="1" number="401"/>
						<line hits="1" number="402"/>
						<line hits="1" number="410"/>
						<line hits="1" number="413"/>
						<line hits="1" number="417"/>
						<line hits="1" number="418"/>
						<line hits="1" number="419"/>
						<line hits="1" number="420"/>
						<line hits="1" number="421"/>
						<line hits="1" number="422"/>
						<line hits="1" number="423"/>
						<line hits="1" number="424"/>
						<line hits="1" number="425"/>
						<line hits="1" number="426"/>
						<line hits="1" number="427"/>
						<line hits="1" number="428"/>
						<line hits="1" number="429"/>
						<line hits="1" number="430"/>
						<line hits="1" number="432"/>
						<line hits="1" number="433"/>
						<line hits="1" number="434"/>
						<line hits="1" number="436"/>
						<line hits="1" number="437"/>
						<line hits="1" number="438"/>
						<line hits="1" number="440"/>
						<line hits="1" number="441"/>
						<line hits="1" number="442"/>
						<line hits="1" number="448"/>
						<line hits="1" number="449"/>
						<line hits="1" number="451"/>
						<line hits="1" number="452"/>
						<line hits="1" number="453"/>
						<line hits="1" number="454"/>
						<line hits="1" number="456"/>
						<line hits="1" number="457"/>
						<line hits="1" number="458"/>
						<line hits="1" number="459"/>
						<line hits="1" number="460"/>
						<line hits="1" number="461"/>
						<line hits="1" number="462"/>
						<line hits="1" number="464"/>
						<line hits="1" number="466"/>
						<line hits="1" number="467"/>
						<line hits="1" number="468"/>
						<line hits="1" number="469"/>
						<line hits="1" number="470"/>
						<line hits="1" number="472"/>
						<line hits="1" number="473"/>
						<line hits="1" number="475"/>
						<line hits="1" number="476"/>
						<line hits="1" number="477"/>
						<line hits="1" number="479"/>
						<line hits="0" number="480"/>
						<line hits="0" number="482"/>
						<line hits="0" number="483"/>
						<line hits="0" number="484"/>
						<line hits="1" number="486"/>
						<line hits="1" number="487"/>
						<line hits="1" number="489"/>
						<line hits="1" number="490"/>
						<line hits="1" number="491"/>
						<line hits="1" number="494"/>
						<line hits="1" number="497"/>
						<line hits="1" number="501"/>
						<line hits="1" number="505"/>
						<line hits="1" number="506"/>
						<line hits="1" number="508"/>
						<line hits="1" number="509"/>
						<line hits="1" number="511"/>
						<line hits="0" number="512"/>
						<line hits="0" number="513"/>
						<line hits="0" number="515"/>
						<line hits="1" number="517"/>
						<line hits="1" number="518"/>
						<line hits="1" number="519"/>
						<line hits="1" number="521"/>
						<line hits="1" number="522"/>
						<line hits="1" number="524"/>
						<line hits="0" number="526"/>
						<line hits="0" number="527"/>
						<line hits="0" number="528"/>
						<line hits="0" number="529"/>
						<line hits="0" number="530"/>
						<line hits="0" number="531"/>
						<line hits="0" number="532"/>
						<line hits="1" number="535"/>
						<line hits="1" number="539"/>
						<line hits="1" number="542"/>
						<line hits="1" number="543"/>
						<line hits="1" number="544"/>
						<line hits="1" number="545"/>
						<line hits="1" number="546"/>
						<line hits="1" number="547"/>
						<line hits="1" number="548"/>
						<line hits="1" number="549"/>
						<line hits="1" number="550"/>
						<line hits="1" number="551"/>
						<line hits="1" number="552"/>
						<line hits="1" number="554"/>
						<line hits="1" number="555"/>
						<line hits="1" number="556"/>
						<line hits="1" number="557"/>
						<line hits="1" number="558"/>
						<line hits="1" number="560"/>
						<line hits="1" number="561"/>
						<line hits="1" number="562"/>
						<line hits="1" number="563"/>
						<line hits="1" number="564"/>
						<line hits="1" number="565"/>
						<line hits="1" number="567"/>
						<line hits="1" number="571"/>
						<line hits="1" number="572"/>
						<line hits="1" number="573"/>
						<line hits="1" number="574"/>
						<line hits="1" number="575"/>
						<line hits="1" number="576"/>
						<line hits="1" number="577"/>
						<line hits="1" number="578"/>
						<line hits="1" number="579"/>
						<line hits="1" number="581"/>
						<line hits="1" number="583"/>
						<line hits="1" number="584"/>
						<line hits="1" number="585"/>
						<line hits="1" number="587"/>
						<line hits="1" number="589"/>
						<line hits="1" number="590"/>
						<line hits="1" number="591"/>
						<line hits="1" number="592"/>
						<line hits="1" number="597"/>
						<line hits="1" number="599"/>
						<line hits="1" number="600"/>
						<line hits="1" number="602"/>
						<line hits="1" number="603"/>
						<line hits="1" number="604"/>
						<line hits="1" number="606"/>
						<line hits="1" number="608"/>
						<line hits="1" number="609"/>
						<line hits="1" number="611"/>
						<line hits="1" number="613"/>
						<line hits="1" number="614"/>
						<line hits="1" number="617"/>
						<line hits="1" number="619"/>
						<line hits="1" number="620"/>
						<line hits="1" number="624"/>
						<line hits="1" number="625"/>
						<line hits="1" number="626"/>
						<line hits="1" number="630"/>
						<line hits="1" number="632"/>
						<line hits="1" number="633"/>
						<line hits="1" number="637"/>
						<line hits="1" number="639"/>
						<line hits="1" number="640"/>
						<line hits="1" number="644"/>
						<line hits="1" number="646"/>
						<line hits="1" number="647"/>
						<line hits="1" number="650"/>
						<line hits="1" number="651"/>
						<line hits="1" number="653"/>
						<line hits="1" number="656"/>
						<line hits="1" number="657"/>
						<line hits="1" number="658"/>
						<line hits="1" number="659"/>
						<line hits="1" number="660"/>
						<line hits="1" number="661"/>
						<line hits="1" number="662"/>
						<line hits="1" number="664"/>
						<line hits="1" number="667"/>
						<line hits="1" number="668"/>
						<line hits="1" number="669"/>
						<line hits="1" number="670"/>
						<line hits="1" number="673"/>
						<line hits="1" number="675"/>
						<line hits="1" number="676"/>
						<line hits="0" number="677"/>
						<line hits="0" number="678"/>
						<line hits="1" number="681"/>
						<line hits="1" number="683"/>
						<line hits="1" number="684"/>
						<line hits="1" number="685"/>
						<line hits="1" number="686"/>
						<line hits="1" number="689"/>
						<line hits="1" number="691"/>
						<line hits="1" number="692"/>
						<line hits="1" number="693"/>
						<line hits="1" number="695"/>
						<line hits="1" number="699"/>
						<line hits="1" number="701"/>
						<line hits="1" number="702"/>
						<line hits="1" number="703"/>
						<line hits="1" number="705"/>
						<line hits="1" number="710"/>
						<line hits="1" number="712"/>
						<line hits="1" number="713"/>
						<line hits="0" number="714"/>
						<line hits="0" number="716"/>
						<line hits="1" number="721"/>
						<line hits="1" number="723"/>
						<line hits="1" number="724"/>
						<line hits="1" number="725"/>
						<line hits="1" number="728"/>
						<line hits="1" number="734"/>
						<line hits="1" number="736"/>
						<line hits="1" number="737"/>
						<line hits="0" number="738"/>
						<line hits="0" number="741"/>
						<line hits="1" number="747"/>
						<line hits="1" number="751"/>
						<line hits="1" number="755"/>
						<line hits="1" number="756"/>
						<line hits="1" number="757"/>
						<line hits="1" number="758"/>
						<line hits="1" number="759"/>
						<line hits="1" number="761"/>
						<line hits="1" number="762"/>
						<line hits="1" number="764"/>
						<line hits="1" number="765"/>
						<line hits="1" number="772"/>
						<line hits="1" number="857"/>
						<line hits="1" number="881"/>
						<line hits="1" number="882"/>
						<line hits="1" number="885"/>
						<line hits="1" number="886"/>
						<line hits="1" number="887"/>
						<line hits="1" number="888"/>
						<line hits="1" number="891"/>
						<line hits="1" number="892"/>
						<line hits="1" number="893"/>
						<line hits="1" number="894"/>
						<line hits="1" number="897"/>
						<line hits="1" number="898"/>
						<line hits="1" number="899"/>
						<line hits="1" number="901"/>
						<line hits="1" number="903"/>
						<line hits="1" number="904"/>
						<line hits="0" number="905"/>
						<line hits="1" number="907"/>
						<line hits="1" number="909"/>
						<line hits="1" number="910"/>
						<line hits="0" number="911"/>
						<line hits="1" number="913"/>
						<line hits="1" number="915"/>
						<line hits="1" number="916"/>
						<line hits="0" number="917"/>
						<line hits="1" number="919"/>
						<line hits="1" number="921"/>
						<line hits="1" number="922"/>
						<line hits="0" number="923"/>
						<line hits="1" number="925"/>
						<line hits="0" number="927"/>
						<line hits="0" number="928"/>
						<line hits="0" number="929"/>
						<line hits="1" number="931"/>
						<line hits="0" number="933"/>
						<line hits="0" number="934"/>
						<line hits="0" number="935"/>
						<line hits="1" number="937"/>
						<line hits="0" number="939"/>
						<line hits="0" number="940"/>
						<line hits="0" number="941"/>
						<line hits="1" number="943"/>
						<line hits="1" number="945"/>
						<line hits="0" number="946"/>
						<line hits="1" number="947"/>
						<line hits="1" number="949"/>
						<line hits="1" number="951"/>
						<line hits="1" number="952"/>
						<line hits="1" number="954"/>
						<line hits="1" number="956"/>
						<line hits="1" number="958"/>
						<line hits="1" number="959"/>
						<line hits="1" number="961"/>
						<line hits="1" number="963"/>
						<line hits="1" number="965"/>
						<line hits="1" number="966"/>
						<line hits="1" number="968"/>
						<line hits="1" number="970"/>
						<line hits="1" number="972"/>
						<line hits="1" number="974"/>
						<line hits="1" number="976"/>
						<line hits="1" number="978"/>
						<line hits="1" number="980"/>
						<line hits="1" number="982"/>
						<line hits="1" number="984"/>
						<line hits="1" number="986"/>
						<line hits="0" number="988"/>
						<line hits="1" number="990"/>
						<line hits="0" number="995"/>
						<line hits="0" number="996"/>
						<line hits="0" number="997"/>
						<line hits="0" number="998"/>
						<line hits="0" number="1000"/>
						<line hits="0" number="1001"/>
						<line hits="0" number="1002"/>
						<line hits="1" number="1009"/>
						<line hits="1" number="1096"/>
						<line hits="1" number="1099"/>
						<line hits="0" number="1100"/>
						<line hits="1" number="1102"/>
						<line hits="1" number="1105"/>
						<line hits="1" number="1106"/>
						<line hits="1" number="1110"/>
						<line hits="1" number="1112"/>
						<line hits="1" number="1113"/>
						<line hits="1" number="1114"/>
						<line hits="1" number="1117"/>
						<line hits="0" number="1118"/>
						<line hits="0" number="1119"/>
						<line hits="0" number="1120"/>
						<line hits="0" number="1121"/>
						<line hits="1" number="1124"/>
						<line hits="1" number="1134"/>
						<line hits="1" number="1135"/>
						<line hits="1" number="1136"/>
						<line hits="1" number="1139"/>
						<line hits="1" number="1140"/>
						<line hits="1" number="1143"/>
						<line hits="1" number="1144"/>
						<line hits="1" number="1146"/>
						<line hits="1" number="1148"/>
						<line hits="1" number="1151"/>
						<line hits="1" number="1152"/>
						<line hits="1" number="1154"/>
						<line hits="1" number="1156"/>
						<line hits="1" number="1216"/>
						<line hits="1" number="1220"/>
						<line hits="1" number="1223"/>
						<line hits="1" number="1224"/>
						<line hits="1" number="1227"/>
						<line hits="1" number="1230"/>
						<line hits="1" number="1236"/>
						<line hits="1" number="1237"/>
						<line hits="1" number="1238"/>
						<line hits="1" number="1239"/>
						<line hits="1" number="1240"/>
						<line hits="1" number="1241"/>
						<line hits="1" number="1242"/>
						<line hits="0" number="1243"/>
						<line hits="1" number="1245"/>
						<line hits="1" number="1247"/>
						<line hits="1" number="1249"/>
						<line hits="1" number="1252"/>
						<line hits="1" number="1253"/>
						<line hits="0" number="1256"/>
						<line hits="1" number="1258"/>
						<line hits="1" number="1260"/>
						<line hits="1" number="1262"/>
						<line hits="1" number="1327"/>
						<line hits="1" number="1328"/>
						<line hits="1" number="1331"/>
						<line hits="1" number="1332"/>
						<line hits="1" number="1334"/>
						<line hits="0" number="1335"/>
						<line hits="0" number="1336"/>
						<line hits="0" number="1337"/>
						<line hits="0" number="1338"/>
						<line hits="1" number="1341"/>
						<line hits="1" number="1347"/>
						<line hits="1" number="1348"/>
						<line hits="1" number="1349"/>
						<line hits="1" number="1352"/>
						<line hits="1" number="1354"/>
						<line hits="1" number="1357"/>
						<line hits="1" number="1358"/>
						<line hits="1" number="1359"/>
						<line hits="1" number="1360"/>
						<line hits="1" number="1361"/>
						<line hits="1" number="1362"/>
						<line hits="1" number="1363"/>
						<line hits="1" number="1364"/>
						<line hits="1" number="1365"/>
						<line hits="1" number="1367"/>
						<line hits="1" number="1368"/>
						<line hits="1" number="1369"/>
						<line hits="1" number="1370"/>
						<line hits="1" number="1372"/>
						<line hits="1" number="1373"/>
						<line hits="1" number="1374"/>
						<line hits="1" number="1377"/>
						<line hits="1" number="1380"/>
						<line hits="1" number="1382"/>
						<line hits="1" number="1384"/>
						<line hits="1" number="1386"/>
						<line hits="1" number="1390"/>
						<line hits="1" number="1391"/>
						<line hits="1" number="1393"/>
						<line hits="0" number="1396"/>
						<line hits="0" number="1398"/>
						<line hits="1" number="1401"/>
						<line hits="1" number="1403"/>
						<line hits="1" number="1404"/>
						<line hits="1" number="1406"/>
						<line hits="1" number="1407"/>
						<line hits="0" number="1410"/>
						<line hits="1" number="1413"/>
						<line hits="0" number="1414"/>
						<line hits="0" number="1416"/>
						<line hits="1" number="1419"/>
						<line hits="1" number="1421"/>
						<line hits="1" number="1424"/>
						<line hits="1" number="1430"/>
						<line hits="1" number="1433"/>
						<line hits="1" number="1434"/>
						<line hits="1" number="1435"/>
						<line hits="1" number="1437"/>
						<line hits="1" number="1438"/>
						<line hits="1" number="1440"/>
						<line hits="1" number="1441"/>
						<line hits="1" number="1443"/>
						<line hits="1" number="1445"/>
						<line hits="1" number="1448"/>
						<line hits="1" number="1449"/>
						<line hits="1" number="1451"/>
						<line hits="1" number="1452"/>
						<line hits="1" number="1455"/>
						<line hits="1" number="1457"/>
						<line hits="1" number="1459"/>
						<line hits="1" number="1462"/>
						<line hits="1" number="1464"/>
						<line hits="1" number="1467"/>
						<line hits="1" number="1469"/>
						<line hits="1" number="1472"/>
						<line hits="1" number="1474"/>
						<line hits="1" number="1476"/>
						<line hits="1" number="1480"/>
						<line hits="1" number="1482"/>
						<line hits="1" number="1486"/>
						<line hits="1" number="1488"/>
						<line hits="1" number="1492"/>
						<line hits="1" number="1493"/>
						<line hits="1" number="1494"/>
						<line hits="1" number="1495"/>
						<line hits="1" number="1497"/>
						<line hits="1" number="1498"/>
						<line hits="1" number="1501"/>
						<line hits="1" number="1502"/>
						<line hits="1" number="1503"/>
						<line hits="1" number="1506"/>
						<line hits="1" number="1510"/>
						<line hits="1" number="1511"/>
						<line hits="1" number="1513"/>
						<line hits="1" number="1514"/>
						<line hits="1" number="1517"/>
						<line hits="1" number="1518"/>
						<line hits="1" number="1525"/>
						<line hits="1" number="1577"/>
						<line hits="1" number="1580"/>
						<line hits="1" number="1581"/>
						<line hits="0" number="1584"/>
						<line hits="1" number="1587"/>
						<line hits="0" number="1588"/>
						<line hits="0" number="1589"/>
						<line hits="0" number="1590"/>
						<line hits="1" number="1592"/>
						<line hits="1" number="1598"/>
						<line hits="1" number="1599"/>
						<line hits="1" number="1601"/>
						<line hits="1" number="1603"/>
						<line hits="1" number="1687"/>
						<line hits="1" number="1688"/>
						<line hits="0" number="1689"/>
						<line hits="0" number="1690"/>
						<line hits="0" number="1691"/>
						<line hits="0" number="1693"/>
						<line hits="1" number="1695"/>
						<line hits="1" number="1696"/>
						<line hits="1" number="1697"/>
						<line hits="0" number="1699"/>
						<line hits="1" number="1701"/>
						<line hits="0" number="1702"/>
						<line hits="1" number="1705"/>
						<line hits="0" number="1706"/>
						<line hits="0" number="1707"/>
						<line hits="0" number="1708"/>
						<line hits="0" number="1710"/>
						<line hits="0" number="1711"/>
						<line hits="1" number="1713"/>
						<line hits="0" number="1714"/>
						<line hits="0" number="1715"/>
						<line hits="1" number="1717"/>
						<line hits="0" number="1718"/>
						<line hits="1" number="1720"/>
						<line hits="1" number="1728"/>
						<line hits="1" number="1729"/>
						<line hits="1" number="1731"/>
						<line hits="0" number="1732"/>
						<line hits="1" number="1734"/>
						<line hits="1" number="1736"/>
						<line hits="1" number="1792"/>
						<line hits="1" number="1794"/>
						<line hits="1" number="1795"/>
						<line hits="0" number="1798"/>
						<line hits="1" number="1802"/>
						<line hits="0" number="1803"/>
						<line hits="0" number="1804"/>
						<line hits="0" number="1805"/>
						<line hits="1" number="1808"/>
						<line hits="1" number="1810"/>
						<line hits="1" number="1816"/>
						<line hits="1" number="1818"/>
						<line hits="1" number="1820"/>
						<line hits="1" number="1878"/>
						<line hits="1" number="1881"/>
						<line hits="1" number="1883"/>
						<line hits="1" number="1885"/>
						<line hits="1" number="1886"/>
						<line hits="1" number="1888"/>
						<line hits="1" number="1889"/>
						<line hits="1" number="1892"/>
						<line hits="0" number="1893"/>
						<line hits="0" number="1894"/>
						<line hits="0" number="1895"/>
						<line hits="0" number="1896"/>
						<line hits="0" number="1897"/>
						<line hits="1" number="1900"/>
						<line hits="1" number="1902"/>
						<line hits="1" number="1904"/>
						<line hits="1" number="1912"/>
						<line hits="1" number="1914"/>
						<line hits="1" number="1915"/>
						<line hits="1" number="1917"/>
						<line hits="1" number="1919"/>
						<line hits="1" number="2011"/>
						<line hits="1" number="2012"/>
						<line hits="1" number="2015"/>
						<line hits="1" number="2017"/>
						<line hits="1" number="2020"/>
						<line hits="0" number="2021"/>
						<line hits="0" number="2022"/>
						<line hits="0" number="2023"/>
						<line hits="0" number="2024"/>
						<line hits="0" number="2025"/>
						<line hits="1" number="2029"/>
						<line hits="1" number="2030"/>
						<line hits="1" number="2032"/>
						<line hits="1" number="2035"/>
						<line hits="1" number="2036"/>
						<line hits="1" number="2039"/>
						<line hits="1" number="2040"/>
						<line hits="1" number="2041"/>
						<line hits="1" number="2042"/>
						<line hits="1" number="2045"/>
						<line hits="1" number="2048"/>
						<line hits="0" number="2049"/>
						<line hits="1" number="2050"/>
						<line hits="1" number="2052"/>
						<line hits="1" number="2054"/>
						<line hits="1" number="2063"/>
						<line hits="1" number="2064"/>
						<line hits="1" number="2066"/>
						<line hits="1" number="2068"/>
						<line hits="1" number="2070"/>
						<line hits="1" number="2151"/>
						<line hits="1" number="2152"/>
						<line hits="1" number="2155"/>
						<line hits="1" number="2156"/>
						<line hits="1" number="2159"/>
						<line hits="1" number="2163"/>
						<line hits="1" number="2167"/>
						<line hits="1" number="2237"/>
						<line hits="1" number="2238"/>
						<line hits="1" number="2244"/>
						<line hits="1" number="2245"/>
						<line hits="1" number="2246"/>
						<line hits="1" number="2248"/>
						<line hits="1" number="2258"/>
						<line hits="1" number="2262"/>
						<line hits="1" number="2263"/>
						<line hits="1" number="2275"/>
						<line hits="0" number="2324"/>
						<line hits="0" number="2325"/>
						<line hits="0" number="2326"/>
						<line hits="0" number="2327"/>
						<line hits="0" number="2328"/>
						<line hits="0" number="2329"/>
						<line hits="0" number="2330"/>
						<line hits="0" number="2331"/>
						<line hits="0" number="2332"/>
						<line hits="0" number="2333"/>
						<line hits="0" number="2335"/>
						<line hits="0" number="2336"/>
						<line hits="0" number="2339"/>
						<line hits="0" number="2340"/>
						<line hits="0" number="2344"/>
						<line hits="0" number="2345"/>
						<line hits="0" number="2349"/>
						<line hits="0" number="2350"/>
						<line hits="0" number="2351"/>
						<line hits="0" number="2352"/>
						<line hits="0" number="2353"/>
						<line hits="0" number="2354"/>
						<line hits="0" number="2357"/>
						<line hits="0" number="2359"/>
						<line hits="0" number="2360"/>
						<line hits="0" number="2361"/>
						<line hits="0" number="2364"/>
						<line hits="0" number="2365"/>
						<line hits="0" number="2368"/>
						<line hits="0" number="2372"/>
						<line hits="0" number="2373"/>
						<line hits="0" number="2374"/>
						<line hits="0" number="2375"/>
						<line hits="0" number="2376"/>
						<line hits="0" number="2379"/>
						<line hits="0" number="2380"/>
						<line hits="0" number="2383"/>
						<line hits="0" number="2386"/>
						<line hits="0" number="2389"/>
						<line hits="0" number="2390"/>
						<line hits="0" number="2391"/>
						<line hits="0" number="2393"/>
						<line hits="0" number="2394"/>
						<line hits="0" number="2396"/>
						<line hits="0" number="2398"/>
						<line hits="0" number="2400"/>
						<line hits="0" number="2401"/>
						<line hits="0" number="2402"/>
						<line hits="0" number="2403"/>
						<line hits="0" number="2404"/>
						<line hits="0" number="2405"/>
						<line hits="0" number="2407"/>
						<line hits="1" number="2409"/>
						<line hits="0" number="2464"/>
						<line hits="0" number="2465"/>
						<line hits="0" number="2466"/>
						<line hits="0" number="2467"/>
						<line hits="0" number="2468"/>
						<line hits="0" number="2469"/>
						<line hits="0" number="2470"/>
						<line hits="0" number="2471"/>
						<line hits="0" number="2472"/>
						<line hits="0" number="2473"/>
						<line hits="0" number="2474"/>
						<line hits="0" number="2475"/>
						<line hits="0" number="2478"/>
						<line hits="0" number="2479"/>
						<line hits="0" number="2483"/>
						<line hits="0" number="2484"/>
						<line hits="0" number="2488"/>
						<line hits="0" number="2489"/>
						<line hits="0" number="2490"/>
						<line hits="0" number="2491"/>
						<line hits="0" number="2492"/>
						<line hits="0" number="2493"/>
						<line hits="0" number="2496"/>
						<line hits="0" number="2499"/>
						<line hits="0" number="2500"/>
						<line hits="0" number="2501"/>
						<line hits="0" number="2502"/>
						<line hits="0" number="2503"/>
						<line hits="0" number="2504"/>
						<line hits="0" number="2508"/>
						<line hits="0" number="2509"/>
						<line hits="0" number="2511"/>
						<line hits="0" number="2514"/>
						<line hits="0" number="2515"/>
						<line hits="0" number="2518"/>
						<line hits="0" number="2519"/>
						<line hits="0" number="2520"/>
						<line hits="0" number="2521"/>
						<line hits="0" number="2522"/>
						<line hits="0" number="2525"/>
						<line hits="0" number="2526"/>
						<line hits="0" number="2529"/>
						<line hits="0" number="2532"/>
						<line hits="0" number="2535"/>
						<line hits="0" number="2536"/>
						<line hits="0" number="2537"/>
						<line hits="0" number="2539"/>
						<line hits="0" number="2540"/>
						<line hits="0" number="2542"/>
						<line hits="0" number="2544"/>
						<line hits="0" number="2546"/>
						<line hits="0" number="2547"/>
						<line hits="0" number="2548"/>
						<line hits="0" number="2549"/>
						<line hits="0" number="2550"/>
						<line hits="0" number="2551"/>
						<line hits="0" number="2553"/>
						<line hits="0" number="2554"/>
						<line hits="1" number="2556"/>
						<line hits="0" number="2574"/>
						<line hits="0" number="2576"/>
						<line hits="0" number="2577"/>
						<line hits="0" number="2578"/>
						<line hits="0" number="2579"/>
						<line hits="0" number="2580"/>
						<line hits="0" number="2581"/>
						<line hits="0" number="2582"/>
						<line hits="0" number="2583"/>
						<line hits="0" number="2585"/>
						<line hits="0" number="2586"/>
						<line hits="0" number="2587"/>
						<line hits="1" number="2589"/>
						<line hits="0" number="2605"/>
						<line hits="0" number="2606"/>
						<line hits="0" number="2607"/>
						<line hits="0" number="2608"/>
						<line hits="0" number="2610"/>
						<line hits="0" number="2614"/>
						<line hits="0" number="2615"/>
						<line hits="0" number="2616"/>
						<line hits="0" number="2618"/>
						<line hits="0" number="2620"/>
						<line hits="1" number="2622"/>
						<line hits="0" number="2637"/>
						<line hits="0" number="2638"/>
						<line hits="0" number="2639"/>
						<line hits="0" number="2640"/>
						<line hits="0" number="2642"/>
						<line hits="0" number="2646"/>
						<line hits="0" number="2647"/>
						<line hits="0" number="2648"/>
						<line hits="0" number="2650"/>
						<line hits="0" number="2652"/>
						<line hits="1" number="2659"/>
						<line hits="1" number="2688"/>
						<line hits="1" number="2690"/>
						<line hits="0" number="2691"/>
						<line hits="1" number="2694"/>
						<line hits="0" number="2695"/>
						<line hits="0" number="2696"/>
						<line hits="0" number="2697"/>
						<line hits="1" number="2699"/>
						<line hits="1" number="2701"/>
						<line hits="1" number="2703"/>
						<line hits="1" number="2705"/>
						<line hits="1" number="2706"/>
						<line hits="1" number="2707"/>
						<line hits="1" number="2708"/>
						<line hits="1" number="2709"/>
						<line hits="1" number="2710"/>
						<line hits="1" number="2711"/>
						<line hits="1" number="2712"/>
						<line hits="1" number="2713"/>
						<line hits="1" number="2715"/>
						<line hits="0" number="2716"/>
						<line hits="0" number="2717"/>
						<line hits="0" number="2718"/>
						<line hits="1" number="2720"/>
						<line hits="1" number="2722"/>
						<line hits="1" number="2724"/>
						<line hits="0" number="2752"/>
						<line hits="0" number="2753"/>
						<line hits="0" number="2755"/>
						<line hits="0" number="2757"/>
						<line hits="0" number="2758"/>
						<line hits="0" number="2760"/>
						<line hits="0" number="2763"/>
						<line hits="0" number="2764"/>
						<line hits="0" number="2765"/>
						<line hits="0" number="2766"/>
						<line hits="0" number="2771"/>
						<line hits="0" number="2775"/>
						<line hits="0" number="2777"/>
						<line hits="0" number="2779"/>
						<line hits="0" number="2781"/>
						<line hits="1" number="2783"/>
						<line hits="1" number="2821"/>
						<line hits="1" number="2822"/>
						<line hits="1" number="2824"/>
						<line hits="0" number="2825"/>
						<line hits="1" number="2827"/>
						<line hits="1" number="2830"/>
						<line hits="0" number="2831"/>
						<line hits="0" number="2832"/>
						<line hits="0" number="2833"/>
						<line hits="1" number="2836"/>
						<line hits="1" number="2837"/>
						<line hits="1" number="2839"/>
						<line hits="1" number="2840"/>
						<line hits="1" number="2842"/>
						<line hits="1" number="2850"/>
						<line hits="1" number="2851"/>
						<line hits="1" number="2854"/>
						<line hits="0" number="2855"/>
						<line hits="1" number="2857"/>
						<line hits="1" number="2859"/>
						<line hits="1" number="2861"/>
						<line hits="1" number="2863"/>
						<line hits="1" number="2865"/>
						<line hits="1" number="2867"/>
						<line hits="1" number="2917"/>
						<line hits="1" number="2920"/>
						<line hits="0" number="2921"/>
						<line hits="0" number="2922"/>
						<line hits="0" number="2923"/>
						<line hits="1" number="2925"/>
						<line hits="0" number="2926"/>
						<line hits="0" number="2927"/>
						<line hits="0" number="2928"/>
						<line hits="1" number="2933"/>
						<line hits="1" number="2942"/>
						<line hits="0" number="2943"/>
						<line hits="1" number="2944"/>
						<line hits="0" number="2945"/>
						<line hits="1" number="2949"/>
						<line hits="0" number="2950"/>
						<line hits="0" number="2951"/>
						<line hits="1" number="2952"/>
						<line hits="0" number="2953"/>
						<line hits="0" number="2954"/>
						<line hits="1" number="2956"/>
						<line hits="1" number="2958"/>
						<line hits="1" number="2959"/>
						<line hits="1" number="2960"/>
						<line hits="0" number="2962"/>
						<line hits="1" number="2965"/>
						<line hits="1" number="2966"/>
						<line hits="1" number="2967"/>
						<line hits="1" number="2968"/>
						<line hits="1" number="2970"/>
						<line hits="1" number="2971"/>
						<line hits="1" number="2972"/>
						<line hits="0" number="2974"/>
						<line hits="1" number="2976"/>
						<line hits="1" number="3024"/>
						<line hits="1" number="3026"/>
						<line hits="0" number="3027"/>
						<line hits="1" number="3030"/>
						<line hits="1" number="3033"/>
						<line hits="1" number="3034"/>
						<line hits="1" number="3035"/>
						<line hits="1" number="3036"/>
						<line hits="1" number="3039"/>
						<line hits="1" number="3041"/>
						<line hits="1" number="3080"/>
						<line hits="1" number="3081"/>
						<line hits="1" number="3082"/>
						<line hits="1" number="3083"/>
						<line hits="1" number="3085"/>
						<line hits="1" number="3086"/>
						<line hits="1" number="3088"/>
						<line hits="1" number="3091"/>
						<line hits="0" number="3136"/>
						<line hits="0" number="3137"/>
						<line hits="0" number="3139"/>
						<line hits="0" number="3143"/>
						<line hits="1" number="3147"/>
						<line hits="0" number="3200"/>
						<line hits="0" number="3201"/>
						<line hits="0" number="3202"/>
						<line hits="0" number="3203"/>
						<line hits="0" number="3205"/>
						<line hits="0" number="3207"/>
						<line hits="0" number="3208"/>
						<line hits="0" number="3212"/>
						<line hits="0" number="3213"/>
						<line hits="0" number="3217"/>
						<line hits="0" number="3218"/>
						<line hits="1" number="3223"/>
						<line hits="0" number="3291"/>
						<line hits="0" number="3292"/>
						<line hits="0" number="3294"/>
						<line hits="0" number="3295"/>
						<line hits="0" number="3296"/>
						<line hits="0" number="3297"/>
						<line hits="0" number="3299"/>
						<line hits="0" number="3301"/>
						<line hits="0" number="3302"/>
						<line hits="0" number="3305"/>
						<line hits="0" number="3307"/>
						<line hits="0" number="3308"/>
						<line hits="0" number="3309"/>
						<line hits="0" number="3311"/>
						<line hits="0" number="3312"/>
						<line hits="0" number="3313"/>
						<line hits="0" number="3314"/>
						<line hits="0" number="3316"/>
						<line hits="1" number="3318"/>
						<line hits="0" number="3353"/>
						<line hits="0" number="3354"/>
						<line hits="0" number="3356"/>
						<line hits="0" number="3358"/>
						<line hits="0" number="3359"/>
						<line hits="1" number="3363"/>
						<line hits="0" number="3395"/>
						<line hits="0" number="3396"/>
						<line hits="0" number="3398"/>
						<line hits="0" number="3399"/>
						<line hits="0" number="3401"/>
						<line hits="0" number="3404"/>
						<line hits="0" number="3405"/>
						<line hits="0" number="3406"/>
						<line hits="0" number="3407"/>
						<line hits="0" number="3409"/>
						<line hits="0" number="3410"/>
						<line hits="0" number="3412"/>
						<line hits="0" number="3413"/>
						<line hits="0" number="3415"/>
						<line hits="0" number="3417"/>
						<line hits="0" number="3419"/>
						<line hits="0" number="3421"/>
						<line hits="0" number="3423"/>
						<line hits="1" number="3425"/>
						<line hits="0" number="3445"/>
						<line hits="0" number="3447"/>
						<line hits="0" number="3449"/>
						<line hits="0" number="3451"/>
						<line hits="0" number="3452"/>
						<line hits="0" number="3453"/>
						<line hits="0" number="3454"/>
						<line hits="0" number="3455"/>
						<line hits="1" number="3457"/>
						<line hits="0" number="3473"/>
						<line hits="0" number="3475"/>
						<line hits="0" number="3477"/>
						<line hits="0" number="3479"/>
						<line hits="0" number="3481"/>
						<line hits="0" number="3482"/>
						<line hits="0" number="3483"/>
						<line hits="0" number="3484"/>
						<line hits="0" number="3485"/>
						<line hits="0" number="3487"/>
						<line hits="1" number="3489"/>
						<line hits="0" number="3508"/>
						<line hits="0" number="3509"/>
						<line hits="0" number="3512"/>
						<line hits="0" number="3513"/>
						<line hits="0" number="3514"/>
						<line hits="0" number="3516"/>
						<line hits="0" number="3519"/>
						<line hits="0" number="3521"/>
						<line hits="0" number="3522"/>
						<line hits="0" number="3525"/>
						<line hits="0" number="3526"/>
						<line hits="0" number="3527"/>
						<line hits="0" number="3528"/>
						<line hits="0" number="3530"/>
						<line hits="0" number="3531"/>
						<line hits="1" number="3533"/>
						<line hits="0" number="3537"/>
						<line hits="0" number="3540"/>
						<line hits="0" number="3541"/>
						<line hits="0" number="3542"/>
						<line hits="0" number="3544"/>
						<line hits="0" number="3549"/>
						<line hits="0" number="3550"/>
						<line hits="1" number="3558"/>
						<line hits="0" number="3560"/>
						<line hits="0" number="3561"/>
						<line hits="0" number="3563"/>
						<line hits="0" number="3564"/>
						<line hits="0" number="3567"/>
					</lines>
				</class>
			</classes>
		</package>
		<package branch-rate="0" complexity="0" line-rate="0.7421" name="gromacs.tools">
			<classes>
				<class branch-rate="0" complexity="0" filename="gromacs/tools/__init__.py" line-rate="1" name="__init__.py">
					<methods/>
					<lines/>
				</class>
				<class branch-rate="0" complexity="0" filename="gromacs/tools/monitor.py" line-rate="0.2" name="monitor.py">
					<methods/>
					<lines>
						<line hits="1" number="5"/>
						<line hits="1" number="8"/>
						<line hits="1" number="10"/>
						<line hits="1" number="11"/>
						<line hits="1" number="12"/>
						<line hits="1" number="13"/>
						<line hits="1" number="14"/>
						<line hits="1" number="16"/>
						<line hits="0" number="24"/>
						<line hits="0" number="25"/>
						<line hits="0" number="26"/>
						<line hits="0" number="27"/>
						<line hits="0" number="28"/>
						<line hits="0" number="29"/>
						<line hits="0" number="36"/>
						<line hits="0" number="38"/>
						<line hits="0" number="40"/>
						<line hits="0" number="42"/>
						<line hits="0" number="43"/>
						<line hits="0" number="44"/>
						<line hits="0" number="45"/>
						<line hits="0" number="46"/>
						<line hits="0" number="47"/>
						<line hits="0" number="53"/>
						<line hits="0" number="54"/>
						<line hits="0" number="56"/>
						<line hits="0" number="58"/>
						<line hits="0" number="59"/>
						<line hits="0" number="61"/>
						<line hits="0" number="62"/>
						<line hits="0" number="64"/>
						<line hits="0" number="66"/>
						<line hits="0" number="68"/>
						<line hits="0" number="69"/>
						<line hits="0" number="71"/>
						<line hits="0" number="72"/>
						<line hits="0" number="74"/>
						<line hits="0" number="75"/>
						<line hits="0" number="76"/>
						<line hits="0" number="77"/>
					</lines>
				</class>
				<class branch-rate="0" complexity="0" filename="gromacs/tools/os_command.py" line-rate="0.6667" name="os_command.py">
					<methods/>
					<lines>
						<line hits="1" number="4"/>
						<line hits="1" number="7"/>
						<line hits="1" number="8"/>
						<line hits="1" number="9"/>
						<line hits="1" number="10"/>
						<line hits="1" number="12"/>
						<line hits="1" number="15"/>
						<line hits="1" number="16"/>
						<line hits="1" number="17"/>
						<line hits="1" number="20"/>
						<line hits="1" number="38"/>
						<line hits="1" number="39"/>
						<line hits="1" number="41"/>
						<line hits="0" number="42"/>
						<line hits="0" number="43"/>
						<line hits="1" number="45"/>
						<line hits="1" number="47"/>
						<line hits="1" number="49"/>
						<line hits="1" number="50"/>
						<line hits="0" number="51"/>
						<line hits="0" number="52"/>
						<line hits="1" number="55"/>
						<line hits="1" number="71"/>
						<line hits="1" number="74"/>
						<line hits="1" number="89"/>
						<line hits="1" number="90"/>
						<line hits="1" number="91"/>
						<line hits="1" number="92"/>
						<line hits="1" number="95"/>
						<line hits="1" number="103"/>
						<line hits="1" number="104"/>
						<line hits="1" number="105"/>
						<line hits="1" number="108"/>
						<line hits="1" number="124"/>
						<line hits="1" number="125"/>
						<line hits="1" number="128"/>
						<line hits="1" number="147"/>
						<line hits="1" number="148"/>
						<line hits="1" number="151"/>
						<line hits="1" number="161"/>
						<line hits="1" number="162"/>
						<line hits="1" number="165"/>
						<line hits="0" number="175"/>
						<line hits="0" number="176"/>
						<line hits="1" number="179"/>
						<line hits="1" number="189"/>
						<line hits="1" number="190"/>
						<line hits="0" number="191"/>
						<line hits="1" number="192"/>
						<line hits="1" number="193"/>
						<line hits="1" number="194"/>
						<line hits="1" number="197"/>
						<line hits="1" number="207"/>
						<line hits="1" number="208"/>
						<line hits="0" number="210"/>
						<line hits="1" number="213"/>
						<line hits="1" number="223"/>
						<line hits="1" number="224"/>
						<line hits="1" number="225"/>
						<line hits="1" number="226"/>
						<line hits="1" number="229"/>
						<line hits="1" number="257"/>
						<line hits="1" number="258"/>
						<line hits="1" number="259"/>
						<line hits="1" number="263"/>
						<line hits="1" number="265"/>
						<line hits="1" number="267"/>
						<line hits="1" number="268"/>
						<line hits="1" number="271"/>
						<line hits="1" number="275"/>
						<line hits="1" number="277"/>
						<line hits="1" number="283"/>
						<line hits="1" number="285"/>
						<line hits="1" number="287"/>
						<line hits="1" number="288"/>
						<line hits="1" number="290"/>
						<line hits="1" number="291"/>
						<line hits="0" number="292"/>
						<line hits="0" number="293"/>
						<line hits="1" number="294"/>
						<line hits="1" number="295"/>
						<line hits="1" number="297"/>
						<line hits="0" number="303"/>
						<line hits="1" number="305"/>
						<line hits="1" number="322"/>
						<line hits="1" number="328"/>
						<line hits="1" number="330"/>
						<line hits="0" number="331"/>
						<line hits="0" number="332"/>
						<line hits="0" number="333"/>
						<line hits="1" number="336"/>
						<line hits="1" number="337"/>
						<line hits="1" number="338"/>
						<line hits="1" number="341"/>
						<line hits="0" number="343"/>
						<line hits="0" number="344"/>
						<line hits="0" number="345"/>
						<line hits="0" number="346"/>
						<line hits="0" number="347"/>
						<line hits="1" number="349"/>
						<line hits="0" number="379"/>
						<line hits="0" number="386"/>
						<line hits="0" number="387"/>
						<line hits="0" number="390"/>
						<line hits="0" number="392"/>
						<line hits="0" number="393"/>
						<line hits="0" number="394"/>
						<line hits="0" number="395"/>
						<line hits="0" number="398"/>
						<line hits="0" number="399"/>
						<line hits="0" number="400"/>
						<line hits="0" number="403"/>
						<line hits="0" number="405"/>
						<line hits="0" number="406"/>
						<line hits="0" number="407"/>
						<line hits="0" number="408"/>
						<line hits="0" number="409"/>
						<line hits="1" number="412"/>
						<line hits="0" number="414"/>
						<line hits="0" number="415"/>
						<line hits="0" number="417"/>
						<line hits="0" number="419"/>
						<line hits="0" number="421"/>
					</lines>
				</class>
				<class branch-rate="0" complexity="0" filename="gromacs/tools/pdb2pqr.py" line-rate="0.7059" name="pdb2pqr.py">
					<methods/>
					<lines>
						<line hits="1" number="4"/>
						<line hits="1" number="11"/>
						<line hits="1" number="13"/>
						<line hits="1" number="16"/>
						<line hits="1" number="17"/>
						<line hits="1" number="18"/>
						<line hits="0" number="19"/>
						<line hits="0" number="20"/>
						<line hits="0" number="21"/>
						<line hits="0" number="22"/>
						<line hits="1" number="25"/>
						<line hits="1" number="26"/>
						<line hits="1" number="29"/>
						<line hits="1" number="30"/>
						<line hits="1" number="31"/>
						<line hits="1" number="34"/>
						<line hits="1" number="81"/>
						<line hits="0" number="83"/>
						<line hits="1" number="85"/>
						<line hits="1" number="92"/>
						<line hits="1" number="93"/>
						<line hits="1" number="96"/>
						<line hits="1" number="97"/>
						<line hits="1" number="99"/>
						<line hits="1" number="105"/>
						<line hits="1" number="106"/>
						<line hits="1" number="107"/>
						<line hits="1" number="109"/>
						<line hits="1" number="112"/>
						<line hits="0" number="114"/>
						<line hits="0" number="115"/>
						<line hits="0" number="116"/>
						<line hits="0" number="117"/>
						<line hits="0" number="120"/>
					</lines>
				</class>
				<class branch-rate="0" complexity="0" filename="gromacs/tools/pdb_manip.py" line-rate="0.8318" name="pdb_manip.py">
					<methods/>
					<lines>
						<line hits="1" number="4"/>
						<line hits="1" number="10"/>
						<line hits="1" number="12"/>
						<line hits="1" number="13"/>
						<line hits="1" number="14"/>
						<line hits="1" number="15"/>
						<line hits="1" number="16"/>
						<line hits="1" number="17"/>
						<line hits="1" number="18"/>
						<line hits="1" number="21"/>
						<line hits="1" number="22"/>
						<line hits="0" number="23"/>
						<line hits="0" number="24"/>
						<line hits="0" number="25"/>
						<line hits="1" number="28"/>
						<line hits="1" number="29"/>
						<line hits="1" number="30"/>
						<line hits="1" number="33"/>
						<line hits="1" number="58"/>
						<line hits="1" number="82"/>
						<line hits="1" number="84"/>
						<line hits="1" number="108"/>
						<line hits="1" number="110"/>
						<line hits="1" number="111"/>
						<line hits="1" number="112"/>
						<line hits="1" number="113"/>
						<line hits="1" number="114"/>
						<line hits="1" number="115"/>
						<line hits="1" number="116"/>
						<line hits="1" number="117"/>
						<line hits="1" number="118"/>
						<line hits="1" number="120"/>
						<line hits="1" number="122"/>
						<line hits="1" number="124"/>
						<line hits="1" number="126"/>
						<line hits="1" number="128"/>
						<line hits="1" number="131"/>
						<line hits="1" number="134"/>
						<line hits="1" number="137"/>
						<line hits="1" number="140"/>
						<line hits="1" number="143"/>
						<line hits="1" number="146"/>
						<line hits="1" number="149"/>
						<line hits="1" number="153"/>
						<line hits="1" number="157"/>
						<line hits="1" number="162"/>
						<line hits="1" number="168"/>
						<line hits="1" number="175"/>
						<line hits="1" number="176"/>
						<line hits="1" number="177"/>
						<line hits="1" number="180"/>
						<line hits="1" number="181"/>
						<line hits="1" number="182"/>
						<line hits="1" number="186"/>
						<line hits="1" number="187"/>
						<line hits="1" number="188"/>
						<line hits="1" number="191"/>
						<line hits="1" number="192"/>
						<line hits="1" number="193"/>
						<line hits="1" number="196"/>
						<line hits="1" number="198"/>
						<line hits="1" number="200"/>
						<line hits="1" number="203"/>
						<line hits="1" number="205"/>
						<line hits="1" number="207"/>
						<line hits="1" number="210"/>
						<line hits="1" number="213"/>
						<line hits="1" number="216"/>
						<line hits="1" number="221"/>
						<line hits="1" number="224"/>
						<line hits="1" number="227"/>
						<line hits="1" number="232"/>
						<line hits="1" number="236"/>
						<line hits="1" number="240"/>
						<line hits="1" number="246"/>
						<line hits="1" number="250"/>
						<line hits="1" number="254"/>
						<line hits="1" number="260"/>
						<line hits="1" number="264"/>
						<line hits="1" number="268"/>
						<line hits="1" number="274"/>
						<line hits="1" number="278"/>
						<line hits="1" number="282"/>
						<line hits="1" number="288"/>
						<line hits="1" number="292"/>
						<line hits="1" number="296"/>
						<line hits="1" number="302"/>
						<line hits="1" number="307"/>
						<line hits="1" number="312"/>
						<line hits="1" number="319"/>
						<line hits="1" number="324"/>
						<line hits="1" number="329"/>
						<line hits="1" number="336"/>
						<line hits="1" number="341"/>
						<line hits="1" number="346"/>
						<line hits="1" number="353"/>
						<line hits="1" number="360"/>
						<line hits="1" number="367"/>
						<line hits="1" number="376"/>
						<line hits="1" number="383"/>
						<line hits="1" number="390"/>
						<line hits="1" number="399"/>
						<line hits="1" number="407"/>
						<line hits="1" number="415"/>
						<line hits="1" number="425"/>
						<line hits="1" number="431"/>
						<line hits="1" number="437"/>
						<line hits="1" number="445"/>
						<line hits="1" number="455"/>
						<line hits="1" number="465"/>
						<line hits="1" number="477"/>
						<line hits="1" number="480"/>
						<line hits="1" number="484"/>
						<line hits="1" number="495"/>
						<line hits="1" number="561"/>
						<line hits="1" number="562"/>
						<line hits="1" number="563"/>
						<line hits="1" number="565"/>
						<line hits="1" number="584"/>
						<line hits="1" number="585"/>
						<line hits="1" number="586"/>
						<line hits="1" number="588"/>
						<line hits="1" number="589"/>
						<line hits="1" number="590"/>
						<line hits="1" number="591"/>
						<line hits="1" number="592"/>
						<line hits="1" number="594"/>
						<line hits="1" number="595"/>
						<line hits="1" number="596"/>
						<line hits="1" number="598"/>
						<line hits="1" number="599"/>
						<line hits="1" number="600"/>
						<line hits="1" number="601"/>
						<line hits="1" number="602"/>
						<line hits="1" number="603"/>
						<line hits="1" number="604"/>
						<line hits="1" number="605"/>
						<line hits="1" number="606"/>
						<line hits="1" number="608"/>
						<line hits="1" number="609"/>
						<line hits="1" number="610"/>
						<line hits="1" number="612"/>
						<line hits="0" number="613"/>
						<line hits="1" number="615"/>
						<line hits="1" number="617"/>
						<line hits="0" number="618"/>
						<line hits="1" number="620"/>
						<line hits="1" number="622"/>
						<line hits="1" number="623"/>
						<line hits="1" number="624"/>
						<line hits="1" number="626"/>
						<line hits="1" number="639"/>
						<line hits="1" number="640"/>
						<line hits="1" number="641"/>
						<line hits="1" number="643"/>
						<line hits="1" number="659"/>
						<line hits="0" number="660"/>
						<line hits="0" number="661"/>
						<line hits="1" number="663"/>
						<line hits="1" number="664"/>
						<line hits="1" number="665"/>
						<line hits="1" number="666"/>
						<line hits="1" number="668"/>
						<line hits="1" number="682"/>
						<line hits="1" number="683"/>
						<line hits="1" number="685"/>
						<line hits="1" number="686"/>
						<line hits="1" number="688"/>
						<line hits="1" number="709"/>
						<line hits="1" number="711"/>
						<line hits="1" number="712"/>
						<line hits="1" number="713"/>
						<line hits="1" number="715"/>
						<line hits="1" number="716"/>
						<line hits="1" number="718"/>
						<line hits="1" number="719"/>
						<line hits="1" number="720"/>
						<line hits="1" number="721"/>
						<line hits="1" number="723"/>
						<line hits="1" number="725"/>
						<line hits="1" number="727"/>
						<line hits="1" number="729"/>
						<line hits="1" number="748"/>
						<line hits="1" number="750"/>
						<line hits="1" number="752"/>
						<line hits="1" number="773"/>
						<line hits="1" number="774"/>
						<line hits="1" number="775"/>
						<line hits="1" number="777"/>
						<line hits="1" number="779"/>
						<line hits="1" number="803"/>
						<line hits="1" number="804"/>
						<line hits="1" number="805"/>
						<line hits="1" number="807"/>
						<line hits="1" number="809"/>
						<line hits="1" number="839"/>
						<line hits="1" number="841"/>
						<line hits="1" number="842"/>
						<line hits="1" number="843"/>
						<line hits="1" number="846"/>
						<line hits="1" number="847"/>
						<line hits="1" number="848"/>
						<line hits="1" number="849"/>
						<line hits="1" number="850"/>
						<line hits="1" number="852"/>
						<line hits="1" number="854"/>
						<line hits="1" number="874"/>
						<line hits="1" number="876"/>
						<line hits="1" number="877"/>
						<line hits="1" number="879"/>
						<line hits="1" number="884"/>
						<line hits="1" number="885"/>
						<line hits="1" number="886"/>
						<line hits="1" number="887"/>
						<line hits="1" number="889"/>
						<line hits="1" number="891"/>
						<line hits="1" number="893"/>
						<line hits="1" number="913"/>
						<line hits="1" number="915"/>
						<line hits="1" number="916"/>
						<line hits="1" number="919"/>
						<line hits="1" number="920"/>
						<line hits="1" number="921"/>
						<line hits="1" number="923"/>
						<line hits="1" number="928"/>
						<line hits="1" number="929"/>
						<line hits="1" number="930"/>
						<line hits="1" number="931"/>
						<line hits="1" number="933"/>
						<line hits="1" number="935"/>
						<line hits="1" number="937"/>
						<line hits="1" number="958"/>
						<line hits="1" number="960"/>
						<line hits="1" number="962"/>
						<line hits="1" number="964"/>
						<line hits="1" number="994"/>
						<line hits="1" number="995"/>
						<line hits="1" number="996"/>
						<line hits="1" number="997"/>
						<line hits="1" number="1001"/>
						<line hits="1" number="1002"/>
						<line hits="1" number="1003"/>
						<line hits="1" number="1005"/>
						<line hits="1" number="1007"/>
						<line hits="1" number="1008"/>
						<line hits="1" number="1011"/>
						<line hits="1" number="1012"/>
						<line hits="1" number="1013"/>
						<line hits="1" number="1014"/>
						<line hits="1" number="1015"/>
						<line hits="1" number="1021"/>
						<line hits="1" number="1022"/>
						<line hits="1" number="1023"/>
						<line hits="1" number="1025"/>
						<line hits="1" number="1030"/>
						<line hits="1" number="1032"/>
						<line hits="1" number="1076"/>
						<line hits="1" number="1080"/>
						<line hits="1" number="1084"/>
						<line hits="1" number="1086"/>
						<line hits="0" number="1087"/>
						<line hits="0" number="1088"/>
						<line hits="0" number="1089"/>
						<line hits="1" number="1092"/>
						<line hits="1" number="1094"/>
						<line hits="1" number="1095"/>
						<line hits="0" number="1096"/>
						<line hits="0" number="1097"/>
						<line hits="0" number="1098"/>
						<line hits="0" number="1099"/>
						<line hits="0" number="1101"/>
						<line hits="1" number="1103"/>
						<line hits="1" number="1105"/>
						<line hits="1" number="1160"/>
						<line hits="1" number="1161"/>
						<line hits="1" number="1162"/>
						<line hits="1" number="1163"/>
						<line hits="1" number="1165"/>
						<line hits="0" number="1166"/>
						<line hits="1" number="1168"/>
						<line hits="1" number="1171"/>
						<line hits="1" number="1172"/>
						<line hits="1" number="1173"/>
						<line hits="1" number="1174"/>
						<line hits="1" number="1177"/>
						<line hits="1" number="1178"/>
						<line hits="1" number="1179"/>
						<line hits="1" number="1180"/>
						<line hits="1" number="1181"/>
						<line hits="1" number="1182"/>
						<line hits="1" number="1183"/>
						<line hits="1" number="1184"/>
						<line hits="1" number="1185"/>
						<line hits="1" number="1187"/>
						<line hits="1" number="1188"/>
						<line hits="1" number="1191"/>
						<line hits="1" number="1192"/>
						<line hits="1" number="1193"/>
						<line hits="1" number="1197"/>
						<line hits="1" number="1198"/>
						<line hits="1" number="1200"/>
						<line hits="1" number="1202"/>
						<line hits="1" number="1204"/>
						<line hits="1" number="1206"/>
						<line hits="1" number="1207"/>
						<line hits="1" number="1209"/>
						<line hits="1" number="1210"/>
						<line hits="1" number="1211"/>
						<line hits="1" number="1212"/>
						<line hits="0" number="1214"/>
						<line hits="1" number="1216"/>
						<line hits="1" number="1218"/>
						<line hits="1" number="1249"/>
						<line hits="1" number="1250"/>
						<line hits="1" number="1252"/>
						<line hits="1" number="1256"/>
						<line hits="1" number="1257"/>
						<line hits="1" number="1258"/>
						<line hits="1" number="1259"/>
						<line hits="1" number="1260"/>
						<line hits="1" number="1261"/>
						<line hits="1" number="1263"/>
						<line hits="1" number="1265"/>
						<line hits="1" number="1293"/>
						<line hits="1" number="1294"/>
						<line hits="0" number="1295"/>
						<line hits="1" number="1297"/>
						<line hits="1" number="1298"/>
						<line hits="1" number="1300"/>
						<line hits="1" number="1333"/>
						<line hits="1" number="1334"/>
						<line hits="1" number="1336"/>
						<line hits="0" number="1340"/>
						<line hits="0" number="1341"/>
						<line hits="0" number="1342"/>
						<line hits="0" number="1343"/>
						<line hits="0" number="1344"/>
						<line hits="0" number="1345"/>
						<line hits="0" number="1346"/>
						<line hits="0" number="1347"/>
						<line hits="0" number="1349"/>
						<line hits="1" number="1351"/>
						<line hits="0" number="1379"/>
						<line hits="0" number="1380"/>
						<line hits="0" number="1383"/>
						<line hits="0" number="1384"/>
						<line hits="0" number="1385"/>
						<line hits="0" number="1387"/>
						<line hits="0" number="1390"/>
						<line hits="0" number="1391"/>
						<line hits="0" number="1392"/>
						<line hits="0" number="1395"/>
						<line hits="0" number="1396"/>
						<line hits="0" number="1397"/>
						<line hits="0" number="1398"/>
						<line hits="0" number="1399"/>
						<line hits="0" number="1403"/>
						<line hits="0" number="1404"/>
						<line hits="0" number="1406"/>
						<line hits="0" number="1407"/>
						<line hits="0" number="1408"/>
						<line hits="0" number="1410"/>
						<line hits="0" number="1411"/>
						<line hits="0" number="1413"/>
						<line hits="0" number="1414"/>
						<line hits="0" number="1415"/>
						<line hits="0" number="1418"/>
						<line hits="0" number="1419"/>
						<line hits="0" number="1420"/>
						<line hits="0" number="1422"/>
						<line hits="0" number="1423"/>
						<line hits="0" number="1425"/>
						<line hits="0" number="1428"/>
						<line hits="0" number="1429"/>
						<line hits="0" number="1430"/>
						<line hits="0" number="1433"/>
						<line hits="0" number="1434"/>
						<line hits="0" number="1435"/>
						<line hits="0" number="1437"/>
						<line hits="0" number="1438"/>
						<line hits="1" number="1440"/>
						<line hits="1" number="1460"/>
						<line hits="1" number="1461"/>
						<line hits="1" number="1463"/>
						<line hits="1" number="1483"/>
						<line hits="1" number="1484"/>
						<line hits="1" number="1486"/>
						<line hits="1" number="1488"/>
						<line hits="1" number="1489"/>
						<line hits="1" number="1491"/>
						<line hits="0" number="1496"/>
						<line hits="0" number="1497"/>
						<line hits="0" number="1498"/>
						<line hits="1" number="1499"/>
						<line hits="1" number="1501"/>
						<line hits="1" number="1502"/>
						<line hits="1" number="1503"/>
						<line hits="1" number="1504"/>
						<line hits="1" number="1506"/>
						<line hits="1" number="1508"/>
						<line hits="1" number="1536"/>
						<line hits="1" number="1537"/>
						<line hits="1" number="1539"/>
						<line hits="1" number="1542"/>
						<line hits="1" number="1545"/>
						<line hits="1" number="1547"/>
						<line hits="1" number="1549"/>
						<line hits="1" number="1564"/>
						<line hits="1" number="1565"/>
						<line hits="1" number="1567"/>
						<line hits="1" number="1570"/>
						<line hits="1" number="1573"/>
						<line hits="1" number="1575"/>
						<line hits="1" number="1577"/>
						<line hits="1" number="1595"/>
						<line hits="1" number="1597"/>
						<line hits="1" number="1599"/>
						<line hits="1" number="1602"/>
						<line hits="0" number="1603"/>
						<line hits="0" number="1604"/>
						<line hits="1" number="1606"/>
						<line hits="1" number="1607"/>
						<line hits="1" number="1608"/>
						<line hits="1" number="1609"/>
						<line hits="1" number="1610"/>
						<line hits="1" number="1611"/>
						<line hits="1" number="1614"/>
						<line hits="1" number="1615"/>
						<line hits="1" number="1616"/>
						<line hits="1" number="1618"/>
						<line hits="1" number="1621"/>
						<line hits="1" number="1622"/>
						<line hits="1" number="1625"/>
						<line hits="1" number="1626"/>
						<line hits="0" number="1627"/>
						<line hits="0" number="1628"/>
						<line hits="0" number="1629"/>
						<line hits="0" number="1631"/>
						<line hits="0" number="1632"/>
						<line hits="0" number="1633"/>
						<line hits="1" number="1634"/>
						<line hits="1" number="1635"/>
						<line hits="1" number="1636"/>
						<line hits="1" number="1637"/>
						<line hits="1" number="1639"/>
						<line hits="1" number="1640"/>
						<line hits="1" number="1641"/>
						<line hits="1" number="1644"/>
						<line hits="1" number="1648"/>
						<line hits="1" number="1649"/>
						<line hits="1" number="1650"/>
						<line hits="1" number="1652"/>
						<line hits="1" number="1653"/>
						<line hits="1" number="1654"/>
						<line hits="1" number="1655"/>
						<line hits="1" number="1656"/>
						<line hits="1" number="1658"/>
						<line hits="1" number="1659"/>
						<line hits="1" number="1664"/>
						<line hits="1" number="1665"/>
						<line hits="0" number="1666"/>
						<line hits="1" number="1670"/>
						<line hits="1" number="1671"/>
						<line hits="1" number="1672"/>
						<line hits="1" number="1673"/>
						<line hits="1" number="1676"/>
						<line hits="1" number="1677"/>
						<line hits="1" number="1679"/>
						<line hits="1" number="1680"/>
						<line hits="1" number="1682"/>
						<line hits="1" number="1683"/>
						<line hits="1" number="1685"/>
						<line hits="1" number="1686"/>
						<line hits="1" number="1688"/>
						<line hits="1" number="1689"/>
						<line hits="1" number="1690"/>
						<line hits="1" number="1692"/>
						<line hits="1" number="1693"/>
						<line hits="1" number="1695"/>
						<line hits="1" number="1698"/>
						<line hits="1" number="1710"/>
						<line hits="1" number="1712"/>
						<line hits="1" number="1713"/>
						<line hits="1" number="1714"/>
						<line hits="1" number="1715"/>
						<line hits="1" number="1717"/>
						<line hits="1" number="1718"/>
						<line hits="1" number="1720"/>
						<line hits="1" number="1722"/>
						<line hits="1" number="1724"/>
						<line hits="1" number="1725"/>
						<line hits="1" number="1726"/>
						<line hits="0" number="1727"/>
						<line hits="1" number="1729"/>
						<line hits="1" number="1731"/>
						<line hits="1" number="1732"/>
						<line hits="1" number="1733"/>
						<line hits="0" number="1734"/>
						<line hits="1" number="1736"/>
						<line hits="1" number="1738"/>
						<line hits="1" number="1739"/>
						<line hits="1" number="1740"/>
						<line hits="0" number="1741"/>
						<line hits="1" number="1743"/>
						<line hits="1" number="1767"/>
						<line hits="1" number="1768"/>
						<line hits="1" number="1770"/>
						<line hits="1" number="1788"/>
						<line hits="0" number="1789"/>
						<line hits="0" number="1790"/>
						<line hits="1" number="1792"/>
						<line hits="1" number="1793"/>
						<line hits="1" number="1795"/>
						<line hits="1" number="1796"/>
						<line hits="1" number="1797"/>
						<line hits="1" number="1798"/>
						<line hits="1" number="1799"/>
						<line hits="1" number="1800"/>
						<line hits="1" number="1801"/>
						<line hits="1" number="1803"/>
						<line hits="1" number="1804"/>
						<line hits="1" number="1807"/>
						<line hits="0" number="1809"/>
						<line hits="0" number="1810"/>
						<line hits="0" number="1812"/>
						<line hits="0" number="1813"/>
						<line hits="0" number="1815"/>
						<line hits="0" number="1816"/>
						<line hits="0" number="1819"/>
					</lines>
				</class>
				<class branch-rate="0" complexity="0" filename="gromacs/tools/pymol.py" line-rate="0.2667" name="pymol.py">
					<methods/>
					<lines>
						<line hits="1" number="2"/>
						<line hits="1" number="3"/>
						<line hits="1" number="7"/>
						<line hits="1" number="10"/>
						<line hits="0" number="31"/>
						<line hits="0" number="33"/>
						<line hits="0" number="35"/>
						<line hits="0" number="38"/>
						<line hits="0" number="39"/>
						<line hits="0" number="40"/>
						<line hits="0" number="42"/>
						<line hits="0" number="46"/>
						<line hits="0" number="55"/>
						<line hits="0" number="57"/>
						<line hits="0" number="59"/>
					</lines>
				</class>
				<class branch-rate="0" complexity="0" filename="gromacs/tools/vmd.py" line-rate="0.3158" name="vmd.py">
					<methods/>
					<lines>
						<line hits="1" number="1"/>
						<line hits="1" number="2"/>
						<line hits="1" number="5"/>
						<line hits="1" number="6"/>
						<line hits="0" number="7"/>
						<line hits="0" number="8"/>
						<line hits="0" number="9"/>
						<line hits="1" number="12"/>
						<line hits="1" number="14"/>
						<line hits="0" number="44"/>
						<line hits="0" number="45"/>
						<line hits="0" number="47"/>
						<line hits="0" number="50"/>
						<line hits="0" number="51"/>
						<line hits="0" number="52"/>
						<line hits="0" number="54"/>
						<line hits="0" number="55"/>
						<line hits="0" number="57"/>
						<line hits="0" number="59"/>
					</lines>
				</class>
			</classes>
		</package>
	</packages>
</coverage>
